Case 1:
e 1
g 1
p 1
t 2
contested 4
Case 2:
c 1
contested 0
Case 3:
c 1
contested 0
Case 4:
c 1
contested 0
Case 5:
c 1
contested 0
Case 6:
c 1
contested 0
Case 7:
c 1
contested 0
Case 8:
c 1
contested 0
Case 9:
c 1
contested 0
Case 10:
c 1
contested 0
Case 11:
c 1
contested 0
Case 12:
c 1
contested 0
Case 13:
c 1
contested 0
Case 14:
c 1
contested 0
Case 15:
c 1
contested 0
Case 16:
c 1
contested 0
Case 17:
c 1
contested 0
Case 18:
c 1
contested 0
Case 19:
c 1
contested 0
Case 20:
c 1
contested 0
Case 21:
c 1
contested 0
Case 22:
c 1
contested 0
Case 23:
c 1
contested 0
Case 24:
c 1
contested 0
Case 25:
c 1
contested 0
Case 26:
c 1
contested 0
Case 27:
c 1
contested 0
Case 28:
c 1
contested 0
Case 29:
c 1
contested 0
Case 30:
c 1
contested 0
Case 31:
c 1
contested 0
Case 32:
c 1
contested 0
Case 33:
c 1
contested 0
Case 34:
c 1
contested 0
Case 35:
c 1
contested 0
Case 36:
c 1
contested 0
Case 37:
c 1
contested 0
Case 38:
c 1
contested 0
Case 39:
c 1
contested 0
Case 40:
c 1
contested 0
Case 41:
c 1
contested 0
Case 42:
c 1
contested 0
Case 43:
c 1
contested 0
Case 44:
c 1
contested 0
Case 45:
c 1
contested 0
Case 46:
c 1
contested 0
Case 47:
c 1
contested 0
Case 48:
c 1
contested 0
Case 49:
c 1
contested 0
Case 50:
c 1
contested 0
Case 51:
c 1
contested 0
Case 52:
c 1
contested 0
Case 53:
c 1
contested 0
Case 54:
c 1
contested 0
Case 55:
c 1
contested 0
Case 56:
c 1
contested 0
Case 57:
c 1
contested 0
Case 58:
c 1
contested 0
Case 59:
c 1
contested 0
Case 60:
c 1
contested 0
Case 61:
c 1
contested 0
Case 62:
c 1
contested 0
Case 63:
c 1
contested 0
Case 64:
c 1
contested 0
Case 65:
c 1
contested 0
Case 66:
c 1
contested 0
Case 67:
c 1
contested 0
Case 68:
c 1
contested 0
Case 69:
c 1
contested 0
Case 70:
c 1
contested 0
Case 71:
c 1
contested 0
Case 72:
c 1
contested 0
Case 73:
c 1
contested 0
Case 74:
c 1
contested 0
Case 75:
c 1
contested 0
Case 76:
c 1
contested 0
Case 77:
c 1
contested 0
Case 78:
c 1
contested 0
Case 79:
c 1
contested 0
Case 80:
c 1
contested 0
Case 81:
c 1
contested 0
Case 82:
c 1
contested 0
Case 83:
c 1
contested 0
Case 84:
c 1
contested 0
Case 85:
c 1
contested 0
Case 86:
c 1
contested 0
Case 87:
c 1
contested 0
Case 88:
c 1
contested 0
Case 89:
c 1
contested 0
Case 90:
c 1
contested 0
Case 91:
c 1
contested 0
Case 92:
c 1
contested 0
Case 93:
c 1
contested 0
Case 94:
c 1
contested 0
Case 95:
c 1
contested 0
Case 96:
c 1
contested 0
Case 97:
c 1
contested 0
Case 98:
c 1
contested 0
Case 99:
c 1
contested 0
Case 100:
c 1
contested 0